<?xml version="1.0" encoding="UTF-8"?>
<!-- Generated by org.testng.reporters.JUnitXMLReporter -->
<testsuite hostname="DESKTOP-C9OMQNM" ignored="0" name="Default test" tests="18" failures="0" timestamp="30 Jun 2018 02:57:17 GMT" time="29.246" errors="0">
  <testcase name="Title" time="0.017" classname="MockarooProject.Self"/>
  <testcase name="display" time="0.185" classname="MockarooProject.Self"/>
  <testcase name="remote" time="0.65" classname="MockarooProject.Self"/>
  <testcase name="display2" time="0.194" classname="MockarooProject.Self"/>
  <testcase name="display3" time="0.076" classname="MockarooProject.Self"/>
  <testcase name="defaultNumber" time="0.033" classname="MockarooProject.Self"/>
  <testcase name="CSV" time="0.101" classname="MockarooProject.Self"/>
  <testcase name="UNIX" time="0.089" classname="MockarooProject.Self"/>
  <testcase name="checkbox" time="0.08" classname="MockarooProject.Self"/>
  <testcase name="chooseCity" time="4.765" classname="MockarooProject.Self"/>
  <testcase name="chooseCountry" time="6.647" classname="MockarooProject.Self"/>
  <testcase name="download" time="7.001" classname="MockarooProject.Self"/>
  <testcase name="assertFiled" time="2.006" classname="MockarooProject.Self"/>
  <testcase name="loadLists" time="0.005" classname="MockarooProject.Self"/>
  <testcase name="sorted" time="0.006" classname="MockarooProject.Self"/>
  <testcase name="freqCountry" time="0.038" classname="MockarooProject.Self"/>
  <testcase name="matchingUniqueCity" time="0.018" classname="MockarooProject.Self"/>
  <testcase name="matchingUniqueCountry" time="0.001" classname="MockarooProject.Self"/>
</testsuite> <!-- Default test -->
