<?xml version="1.0" encoding="UTF-8"?>
<testng-results skipped="0" failed="0" ignored="0" total="18" passed="18">
  <reporter-output>
  </reporter-output>
  <suite name="Default suite" duration-ms="29246" started-at="2018-06-30T02:56:47Z" finished-at="2018-06-30T02:57:16Z">
    <groups>
    </groups>
    <test name="Default test" duration-ms="29246" started-at="2018-06-30T02:56:47Z" finished-at="2018-06-30T02:57:16Z">
      <class name="MockarooProject.Self">
        <test-method status="PASS" signature="set()[pri:0, instance:MockarooProject.Self@6d4b1c02]" name="set" is-config="true" duration-ms="7284" started-at="2018-06-30T02:56:47Z" finished-at="2018-06-30T02:56:55Z">
          <reporter-output>
          </reporter-output>
        </test-method> <!-- set -->
        <test-method status="PASS" signature="Title()[pri:1, instance:MockarooProject.Self@6d4b1c02]" name="Title" duration-ms="17" started-at="2018-06-30T02:56:55Z" finished-at="2018-06-30T02:56:55Z">
          <reporter-output>
          </reporter-output>
        </test-method> <!-- Title -->
        <test-method status="PASS" signature="display()[pri:2, instance:MockarooProject.Self@6d4b1c02]" name="display" duration-ms="185" started-at="2018-06-30T02:56:55Z" finished-at="2018-06-30T02:56:55Z">
          <reporter-output>
          </reporter-output>
        </test-method> <!-- display -->
        <test-method status="PASS" signature="remote()[pri:3, instance:MockarooProject.Self@6d4b1c02]" name="remote" duration-ms="650" started-at="2018-06-30T02:56:55Z" finished-at="2018-06-30T02:56:55Z">
          <reporter-output>
          </reporter-output>
        </test-method> <!-- remote -->
        <test-method status="PASS" signature="display2()[pri:4, instance:MockarooProject.Self@6d4b1c02]" name="display2" duration-ms="194" started-at="2018-06-30T02:56:55Z" finished-at="2018-06-30T02:56:56Z">
          <reporter-output>
          </reporter-output>
        </test-method> <!-- display2 -->
        <test-method status="PASS" signature="display3()[pri:5, instance:MockarooProject.Self@6d4b1c02]" name="display3" duration-ms="76" started-at="2018-06-30T02:56:56Z" finished-at="2018-06-30T02:56:56Z">
          <reporter-output>
          </reporter-output>
        </test-method> <!-- display3 -->
        <test-method status="PASS" signature="defaultNumber()[pri:6, instance:MockarooProject.Self@6d4b1c02]" name="defaultNumber" duration-ms="33" started-at="2018-06-30T02:56:56Z" finished-at="2018-06-30T02:56:56Z">
          <reporter-output>
          </reporter-output>
        </test-method> <!-- defaultNumber -->
        <test-method status="PASS" signature="CSV()[pri:7, instance:MockarooProject.Self@6d4b1c02]" name="CSV" duration-ms="101" started-at="2018-06-30T02:56:56Z" finished-at="2018-06-30T02:56:56Z">
          <reporter-output>
          </reporter-output>
        </test-method> <!-- CSV -->
        <test-method status="PASS" signature="UNIX()[pri:8, instance:MockarooProject.Self@6d4b1c02]" name="UNIX" duration-ms="89" started-at="2018-06-30T02:56:56Z" finished-at="2018-06-30T02:56:56Z">
          <reporter-output>
          </reporter-output>
        </test-method> <!-- UNIX -->
        <test-method status="PASS" signature="checkbox()[pri:9, instance:MockarooProject.Self@6d4b1c02]" name="checkbox" duration-ms="80" started-at="2018-06-30T02:56:56Z" finished-at="2018-06-30T02:56:56Z">
          <reporter-output>
          </reporter-output>
        </test-method> <!-- checkbox -->
        <test-method status="PASS" signature="chooseCity()[pri:10, instance:MockarooProject.Self@6d4b1c02]" name="chooseCity" duration-ms="4765" started-at="2018-06-30T02:56:56Z" finished-at="2018-06-30T02:57:01Z">
          <reporter-output>
          </reporter-output>
        </test-method> <!-- chooseCity -->
        <test-method status="PASS" signature="chooseCountry()[pri:11, instance:MockarooProject.Self@6d4b1c02]" name="chooseCountry" duration-ms="6647" started-at="2018-06-30T02:57:01Z" finished-at="2018-06-30T02:57:07Z">
          <reporter-output>
          </reporter-output>
        </test-method> <!-- chooseCountry -->
        <test-method status="PASS" signature="download()[pri:12, instance:MockarooProject.Self@6d4b1c02]" name="download" duration-ms="7001" started-at="2018-06-30T02:57:07Z" finished-at="2018-06-30T02:57:14Z">
          <reporter-output>
          </reporter-output>
        </test-method> <!-- download -->
        <test-method status="PASS" signature="assertFiled()[pri:13, instance:MockarooProject.Self@6d4b1c02]" name="assertFiled" duration-ms="2006" started-at="2018-06-30T02:57:14Z" finished-at="2018-06-30T02:57:16Z">
          <reporter-output>
          </reporter-output>
        </test-method> <!-- assertFiled -->
        <test-method status="PASS" signature="loadLists()[pri:14, instance:MockarooProject.Self@6d4b1c02]" name="loadLists" duration-ms="5" started-at="2018-06-30T02:57:16Z" finished-at="2018-06-30T02:57:16Z">
          <reporter-output>
          </reporter-output>
        </test-method> <!-- loadLists -->
        <test-method status="PASS" signature="sorted()[pri:15, instance:MockarooProject.Self@6d4b1c02]" name="sorted" duration-ms="6" started-at="2018-06-30T02:57:16Z" finished-at="2018-06-30T02:57:16Z">
          <reporter-output>
          </reporter-output>
        </test-method> <!-- sorted -->
        <test-method status="PASS" signature="freqCountry()[pri:16, instance:MockarooProject.Self@6d4b1c02]" name="freqCountry" duration-ms="38" started-at="2018-06-30T02:57:16Z" finished-at="2018-06-30T02:57:16Z">
          <reporter-output>
          </reporter-output>
        </test-method> <!-- freqCountry -->
        <test-method status="PASS" signature="matchingUniqueCity()[pri:17, instance:MockarooProject.Self@6d4b1c02]" name="matchingUniqueCity" duration-ms="18" started-at="2018-06-30T02:57:16Z" finished-at="2018-06-30T02:57:16Z">
          <reporter-output>
          </reporter-output>
        </test-method> <!-- matchingUniqueCity -->
        <test-method status="PASS" signature="matchingUniqueCountry()[pri:17, instance:MockarooProject.Self@6d4b1c02]" name="matchingUniqueCountry" duration-ms="1" started-at="2018-06-30T02:57:16Z" finished-at="2018-06-30T02:57:16Z">
          <reporter-output>
          </reporter-output>
        </test-method> <!-- matchingUniqueCountry -->
      </class> <!-- MockarooProject.Self -->
    </test> <!-- Default test -->
  </suite> <!-- Default suite -->
</testng-results>
